---------------------------------------------------------------
[ 2018-11-23T16:46:03+08:00 ] 127.0.0.1 GET /tiancai.php/admin/index/clear.html
[ info ] www.h18.com/tiancai.php/admin/index/clear.html [运行时间：0.131012s][吞吐率：7.63req/s] [内存消耗：2,849.09kb] [文件加载：76]
[ info ] [ BEHAVIOR ] Run Closure @app_init [ RunTime:0.000029s ]
[ info ] [ CACHE ] INIT File
[ info ] [ BEHAVIOR ] Run Closure @app_init [ RunTime:0.001977s ]
[ info ] [ BEHAVIOR ] Run app\common\behavior\Init @app_init [ RunTime:0.009163s ]
[ info ] [ LANG ] D:\www\h18\thinkphp\lang\zh-cn.php
[ info ] [ ROUTE ] array (
  'type' => 'module',
  'module' => 
  array (
    0 => 'admin',
    1 => 'index',
    2 => 'clear',
  ),
)
[ info ] [ HEADER ] array (
  'cookie' => 'x_a_no=15660; Hm_lvt_c2d0d55bd224a0a578217d59d3814d9a=1542962641; Hm_lvt_971a39ddef89acfa7cb0d02b307c3a38=1542962641; Hm_lvt_64599d023a782fe7244819e0ffbb9600=1542962641; Hm_lpvt_c2d0d55bd224a0a578217d59d3814d9a=1542962709; Hm_lpvt_971a39ddef89acfa7cb0d02b307c3a38=1542962709; Hm_lpvt_64599d023a782fe7244819e0ffbb9600=1542962709; PHPSESSID=m2gqrn8if1pem7vnhkvhg1h3i0; admin_id=1; admin_name=admin; admin_check=6a1bf1576c8887f0332dfb28d385df06',
  'accept-language' => 'zh-CN,zh;q=0.9',
  'accept-encoding' => 'gzip, deflate',
  'referer' => 'http://www.h18.com/tiancai.php/admin/index/index.html',
  'user-agent' => 'Mozilla/5.0 (Windows NT 10.0; Win64; x64) AppleWebKit/537.36 (KHTML, like Gecko) Chrome/68.0.3440.106 Safari/537.36',
  'x-requested-with' => 'XMLHttpRequest',
  'accept' => '*/*',
  'cache-control' => 'no-cache',
  'pragma' => 'no-cache',
  'connection' => 'close',
  'host' => 'www.h18.com',
)
[ info ] [ PARAM ] array (
)
[ info ] [ BEHAVIOR ] Run app\common\behavior\Begin @app_begin [ RunTime:0.000400s ]
[ info ] [ DB ] INIT mysql
[ info ] [ RUN ] app\admin\controller\Index->clear[ D:\www\h18\application\admin\controller\Index.php ]
[ info ] [ LOG ] INIT File
[ error ] [8]Constant ADDON_PATH already defined[D:\www\h18\application\common\behavior\Init.php:40]
[ sql ] [ DB ] CONNECT:[ UseTime:0.012308s ] mysql:host=127.0.0.1;port=3306;dbname=banana;charset=utf8
[ sql ] [ SQL ] SHOW COLUMNS FROM `mac_admin` [ RunTime:0.012616s ]
[ sql ] [ SQL ] SELECT * FROM `mac_admin` WHERE  `admin_id` = 1  AND `admin_name` = 'admin'  AND `admin_status` = 1 LIMIT 1 [ RunTime:0.000533s ]
---------------------------------------------------------------
[ 2018-11-23T16:46:06+08:00 ] 127.0.0.1 GET /tiancai.php/admin/index/index.html
[ info ] www.h18.com/tiancai.php/admin/index/index.html [运行时间：0.104813s][吞吐率：9.54req/s] [内存消耗：3,104.03kb] [文件加载：79]
[ info ] [ BEHAVIOR ] Run Closure @app_init [ RunTime:0.000099s ]
[ info ] [ CACHE ] INIT File
[ info ] [ BEHAVIOR ] Run Closure @app_init [ RunTime:0.004517s ]
[ info ] [ BEHAVIOR ] Run app\common\behavior\Init @app_init [ RunTime:0.003022s ]
[ info ] [ LANG ] D:\www\h18\thinkphp\lang\zh-cn.php
[ info ] [ ROUTE ] array (
  'type' => 'module',
  'module' => 
  array (
    0 => 'admin',
    1 => 'index',
    2 => 'index',
  ),
)
[ info ] [ HEADER ] array (
  'cookie' => 'x_a_no=15660; Hm_lvt_c2d0d55bd224a0a578217d59d3814d9a=1542962641; Hm_lvt_971a39ddef89acfa7cb0d02b307c3a38=1542962641; Hm_lvt_64599d023a782fe7244819e0ffbb9600=1542962641; Hm_lpvt_c2d0d55bd224a0a578217d59d3814d9a=1542962709; Hm_lpvt_971a39ddef89acfa7cb0d02b307c3a38=1542962709; Hm_lpvt_64599d023a782fe7244819e0ffbb9600=1542962709; PHPSESSID=m2gqrn8if1pem7vnhkvhg1h3i0; admin_id=1; admin_name=admin; admin_check=6a1bf1576c8887f0332dfb28d385df06',
  'accept-language' => 'zh-CN,zh;q=0.9',
  'accept-encoding' => 'gzip, deflate',
  'referer' => 'http://www.h18.com/tiancai.php/admin/index/index.html',
  'accept' => 'text/html,application/xhtml+xml,application/xml;q=0.9,image/webp,image/apng,*/*;q=0.8',
  'user-agent' => 'Mozilla/5.0 (Windows NT 10.0; Win64; x64) AppleWebKit/537.36 (KHTML, like Gecko) Chrome/68.0.3440.106 Safari/537.36',
  'upgrade-insecure-requests' => '1',
  'cache-control' => 'no-cache',
  'pragma' => 'no-cache',
  'connection' => 'close',
  'host' => 'www.h18.com',
)
[ info ] [ PARAM ] array (
)
[ info ] [ BEHAVIOR ] Run app\common\behavior\Begin @app_begin [ RunTime:0.000424s ]
[ info ] [ DB ] INIT mysql
[ info ] [ RUN ] app\admin\controller\Index->index[ D:\www\h18\application\admin\controller\Index.php ]
[ info ] [ VIEW ] D:\www\h18/application/admin\view\index\index.html [ array (
  0 => 'menus',
  1 => 'title',
) ]
[ info ] [ LOG ] INIT File
[ error ] [8]Constant ADDON_PATH already defined[D:\www\h18\application\common\behavior\Init.php:40]
[ error ] [8]未定义数组索引: icon[D:\www\h18\runtime\temp\ead7ba518da7ef3e370c19d31bc315ba.php:68]
[ error ] [8]未定义数组索引: icon[D:\www\h18\runtime\temp\ead7ba518da7ef3e370c19d31bc315ba.php:68]
[ error ] [8]未定义数组索引: icon[D:\www\h18\runtime\temp\ead7ba518da7ef3e370c19d31bc315ba.php:68]
[ error ] [8]未定义数组索引: icon[D:\www\h18\runtime\temp\ead7ba518da7ef3e370c19d31bc315ba.php:68]
[ error ] [8]未定义数组索引: icon[D:\www\h18\runtime\temp\ead7ba518da7ef3e370c19d31bc315ba.php:68]
[ error ] [8]未定义数组索引: icon[D:\www\h18\runtime\temp\ead7ba518da7ef3e370c19d31bc315ba.php:68]
[ error ] [8]未定义数组索引: icon[D:\www\h18\runtime\temp\ead7ba518da7ef3e370c19d31bc315ba.php:68]
[ error ] [8]未定义数组索引: icon[D:\www\h18\runtime\temp\ead7ba518da7ef3e370c19d31bc315ba.php:68]
[ error ] [8]未定义数组索引: icon[D:\www\h18\runtime\temp\ead7ba518da7ef3e370c19d31bc315ba.php:68]
[ error ] [8]未定义数组索引: icon[D:\www\h18\runtime\temp\ead7ba518da7ef3e370c19d31bc315ba.php:68]
[ error ] [8]未定义数组索引: icon[D:\www\h18\runtime\temp\ead7ba518da7ef3e370c19d31bc315ba.php:68]
[ error ] [8]未定义数组索引: icon[D:\www\h18\runtime\temp\ead7ba518da7ef3e370c19d31bc315ba.php:68]
[ error ] [8]未定义数组索引: icon[D:\www\h18\runtime\temp\ead7ba518da7ef3e370c19d31bc315ba.php:68]
[ error ] [8]未定义数组索引: icon[D:\www\h18\runtime\temp\ead7ba518da7ef3e370c19d31bc315ba.php:68]
[ error ] [8]未定义数组索引: icon[D:\www\h18\runtime\temp\ead7ba518da7ef3e370c19d31bc315ba.php:68]
[ error ] [8]未定义数组索引: icon[D:\www\h18\runtime\temp\ead7ba518da7ef3e370c19d31bc315ba.php:68]
[ error ] [8]未定义数组索引: icon[D:\www\h18\runtime\temp\ead7ba518da7ef3e370c19d31bc315ba.php:68]
[ error ] [8]未定义数组索引: icon[D:\www\h18\runtime\temp\ead7ba518da7ef3e370c19d31bc315ba.php:68]
[ error ] [8]未定义数组索引: icon[D:\www\h18\runtime\temp\ead7ba518da7ef3e370c19d31bc315ba.php:68]
[ error ] [8]未定义数组索引: icon[D:\www\h18\runtime\temp\ead7ba518da7ef3e370c19d31bc315ba.php:68]
[ error ] [8]未定义数组索引: icon[D:\www\h18\runtime\temp\ead7ba518da7ef3e370c19d31bc315ba.php:68]
[ error ] [8]未定义数组索引: icon[D:\www\h18\runtime\temp\ead7ba518da7ef3e370c19d31bc315ba.php:68]
[ error ] [8]未定义数组索引: icon[D:\www\h18\runtime\temp\ead7ba518da7ef3e370c19d31bc315ba.php:68]
[ error ] [8]未定义数组索引: icon[D:\www\h18\runtime\temp\ead7ba518da7ef3e370c19d31bc315ba.php:68]
[ error ] [8]未定义数组索引: icon[D:\www\h18\runtime\temp\ead7ba518da7ef3e370c19d31bc315ba.php:68]
[ error ] [8]未定义数组索引: icon[D:\www\h18\runtime\temp\ead7ba518da7ef3e370c19d31bc315ba.php:68]
[ error ] [8]未定义数组索引: icon[D:\www\h18\runtime\temp\ead7ba518da7ef3e370c19d31bc315ba.php:68]
[ error ] [8]未定义数组索引: icon[D:\www\h18\runtime\temp\ead7ba518da7ef3e370c19d31bc315ba.php:68]
[ error ] [8]未定义数组索引: icon[D:\www\h18\runtime\temp\ead7ba518da7ef3e370c19d31bc315ba.php:68]
[ error ] [8]未定义数组索引: icon[D:\www\h18\runtime\temp\ead7ba518da7ef3e370c19d31bc315ba.php:68]
[ error ] [8]未定义数组索引: icon[D:\www\h18\runtime\temp\ead7ba518da7ef3e370c19d31bc315ba.php:68]
[ error ] [8]未定义数组索引: icon[D:\www\h18\runtime\temp\ead7ba518da7ef3e370c19d31bc315ba.php:68]
[ error ] [8]未定义数组索引: icon[D:\www\h18\runtime\temp\ead7ba518da7ef3e370c19d31bc315ba.php:68]
[ error ] [8]未定义数组索引: icon[D:\www\h18\runtime\temp\ead7ba518da7ef3e370c19d31bc315ba.php:68]
[ error ] [8]未定义数组索引: icon[D:\www\h18\runtime\temp\ead7ba518da7ef3e370c19d31bc315ba.php:68]
[ error ] [8]未定义数组索引: icon[D:\www\h18\runtime\temp\ead7ba518da7ef3e370c19d31bc315ba.php:68]
[ error ] [8]未定义数组索引: icon[D:\www\h18\runtime\temp\ead7ba518da7ef3e370c19d31bc315ba.php:68]
[ error ] [8]未定义数组索引: icon[D:\www\h18\runtime\temp\ead7ba518da7ef3e370c19d31bc315ba.php:68]
[ error ] [8]未定义数组索引: icon[D:\www\h18\runtime\temp\ead7ba518da7ef3e370c19d31bc315ba.php:68]
[ error ] [8]未定义数组索引: icon[D:\www\h18\runtime\temp\ead7ba518da7ef3e370c19d31bc315ba.php:68]
[ error ] [8]未定义数组索引: icon[D:\www\h18\runtime\temp\ead7ba518da7ef3e370c19d31bc315ba.php:68]
[ error ] [8]未定义数组索引: icon[D:\www\h18\runtime\temp\ead7ba518da7ef3e370c19d31bc315ba.php:68]
[ error ] [8]未定义数组索引: icon[D:\www\h18\runtime\temp\ead7ba518da7ef3e370c19d31bc315ba.php:68]
[ error ] [8]未定义数组索引: icon[D:\www\h18\runtime\temp\ead7ba518da7ef3e370c19d31bc315ba.php:68]
[ error ] [8]未定义数组索引: icon[D:\www\h18\runtime\temp\ead7ba518da7ef3e370c19d31bc315ba.php:68]
[ error ] [8]未定义数组索引: icon[D:\www\h18\runtime\temp\ead7ba518da7ef3e370c19d31bc315ba.php:68]
[ error ] [8]未定义数组索引: icon[D:\www\h18\runtime\temp\ead7ba518da7ef3e370c19d31bc315ba.php:68]
[ error ] [8]未定义数组索引: icon[D:\www\h18\runtime\temp\ead7ba518da7ef3e370c19d31bc315ba.php:68]
[ error ] [8]未定义数组索引: icon[D:\www\h18\runtime\temp\ead7ba518da7ef3e370c19d31bc315ba.php:68]
[ error ] [8]未定义数组索引: icon[D:\www\h18\runtime\temp\ead7ba518da7ef3e370c19d31bc315ba.php:68]
[ error ] [8]未定义数组索引: icon[D:\www\h18\runtime\temp\ead7ba518da7ef3e370c19d31bc315ba.php:68]
[ error ] [8]未定义数组索引: icon[D:\www\h18\runtime\temp\ead7ba518da7ef3e370c19d31bc315ba.php:68]
[ error ] [8]未定义数组索引: icon[D:\www\h18\runtime\temp\ead7ba518da7ef3e370c19d31bc315ba.php:68]
[ error ] [8]未定义数组索引: icon[D:\www\h18\runtime\temp\ead7ba518da7ef3e370c19d31bc315ba.php:68]
[ error ] [8]未定义数组索引: icon[D:\www\h18\runtime\temp\ead7ba518da7ef3e370c19d31bc315ba.php:68]
[ error ] [8]未定义数组索引: icon[D:\www\h18\runtime\temp\ead7ba518da7ef3e370c19d31bc315ba.php:68]
[ error ] [8]未定义数组索引: icon[D:\www\h18\runtime\temp\ead7ba518da7ef3e370c19d31bc315ba.php:68]
[ error ] [8]未定义数组索引: icon[D:\www\h18\runtime\temp\ead7ba518da7ef3e370c19d31bc315ba.php:68]
[ error ] [8]未定义数组索引: icon[D:\www\h18\runtime\temp\ead7ba518da7ef3e370c19d31bc315ba.php:68]
[ error ] [8]未定义数组索引: icon[D:\www\h18\runtime\temp\ead7ba518da7ef3e370c19d31bc315ba.php:68]
[ sql ] [ DB ] CONNECT:[ UseTime:0.011487s ] mysql:host=127.0.0.1;port=3306;dbname=banana;charset=utf8
[ sql ] [ SQL ] SHOW COLUMNS FROM `mac_admin` [ RunTime:0.010245s ]
[ sql ] [ SQL ] SELECT * FROM `mac_admin` WHERE  `admin_id` = 1  AND `admin_name` = 'admin'  AND `admin_status` = 1 LIMIT 1 [ RunTime:0.000597s ]
---------------------------------------------------------------
[ 2018-11-23T16:46:06+08:00 ] 127.0.0.1 GET /tiancai.php/admin/index/welcome.html
[ info ] www.h18.com/tiancai.php/admin/index/welcome.html [运行时间：0.108362s][吞吐率：9.23req/s] [内存消耗：2,959.52kb] [文件加载：77]
[ info ] [ BEHAVIOR ] Run Closure @app_init [ RunTime:0.000032s ]
[ info ] [ CACHE ] INIT File
[ info ] [ BEHAVIOR ] Run Closure @app_init [ RunTime:0.001994s ]
[ info ] [ BEHAVIOR ] Run app\common\behavior\Init @app_init [ RunTime:0.002104s ]
[ info ] [ LANG ] D:\www\h18\thinkphp\lang\zh-cn.php
[ info ] [ ROUTE ] array (
  'type' => 'module',
  'module' => 
  array (
    0 => 'admin',
    1 => 'index',
    2 => 'welcome',
  ),
)
[ info ] [ HEADER ] array (
  'cookie' => 'x_a_no=15660; Hm_lvt_c2d0d55bd224a0a578217d59d3814d9a=1542962641; Hm_lvt_971a39ddef89acfa7cb0d02b307c3a38=1542962641; Hm_lvt_64599d023a782fe7244819e0ffbb9600=1542962641; Hm_lpvt_c2d0d55bd224a0a578217d59d3814d9a=1542962709; Hm_lpvt_971a39ddef89acfa7cb0d02b307c3a38=1542962709; Hm_lpvt_64599d023a782fe7244819e0ffbb9600=1542962709; PHPSESSID=m2gqrn8if1pem7vnhkvhg1h3i0; admin_id=1; admin_name=admin; admin_check=6a1bf1576c8887f0332dfb28d385df06',
  'accept-language' => 'zh-CN,zh;q=0.9',
  'accept-encoding' => 'gzip, deflate',
  'referer' => 'http://www.h18.com/tiancai.php/admin/index/index.html',
  'accept' => 'text/html,application/xhtml+xml,application/xml;q=0.9,image/webp,image/apng,*/*;q=0.8',
  'user-agent' => 'Mozilla/5.0 (Windows NT 10.0; Win64; x64) AppleWebKit/537.36 (KHTML, like Gecko) Chrome/68.0.3440.106 Safari/537.36',
  'upgrade-insecure-requests' => '1',
  'cache-control' => 'no-cache',
  'pragma' => 'no-cache',
  'connection' => 'close',
  'host' => 'www.h18.com',
)
[ info ] [ PARAM ] array (
)
[ info ] [ BEHAVIOR ] Run app\common\behavior\Begin @app_begin [ RunTime:0.000383s ]
[ info ] [ DB ] INIT mysql
[ info ] [ RUN ] app\admin\controller\Index->welcome[ D:\www\h18\application\admin\controller\Index.php ]
[ info ] [ VIEW ] D:\www\h18/application/admin\view\index\welcome.html [ array (
  0 => 'version',
  1 => 'info',
  2 => 'title',
) ]
[ info ] [ LOG ] INIT File
[ error ] [8]Constant ADDON_PATH already defined[D:\www\h18\application\common\behavior\Init.php:40]
[ sql ] [ DB ] CONNECT:[ UseTime:0.005353s ] mysql:host=127.0.0.1;port=3306;dbname=banana;charset=utf8
[ sql ] [ SQL ] SHOW COLUMNS FROM `mac_admin` [ RunTime:0.018252s ]
[ sql ] [ SQL ] SELECT * FROM `mac_admin` WHERE  `admin_id` = 1  AND `admin_name` = 'admin'  AND `admin_status` = 1 LIMIT 1 [ RunTime:0.000438s ]
